<?xml version="1.0" encoding="UTF-8"?>
<!-- Generated by org.testng.reporters.JUnitReportReporter -->
<testsuite hostname="LAPTOP-0UCD4B58" failures="0" tests="1" name="TestScript" time="7.606" errors="0" timestamp="2023-02-18T11:26:25 IST" skipped="0">
  <testcase classname="TestScript" name="test1" time="7.606"/>
  <system-out/>
</testsuite> <!-- TestScript -->
