<?xml version="1.0" encoding="UTF-8"?>
<!-- Generated by org.testng.reporters.JUnitReportReporter -->
<testsuite hostname="LAPTOP-0UCD4B58" failures="0" tests="2" name="testscripts.FMCLoginTest" time="20.207" errors="0" timestamp="2023-03-03T17:40:40 IST" skipped="0">
  <testcase classname="testscripts.FMCLoginTest" name="loginAPITest" time="7.569"/>
  <system-out/>
  <testcase classname="testscripts.FMCLoginTest" name="loginAPITest" time="12.638"/>
  <system-out/>
</testsuite> <!-- testscripts.FMCLoginTest -->
