<?xml version="1.0" encoding="UTF-8"?>
<!-- Generated by org.testng.reporters.JUnitReportReporter -->
<testsuite hostname="LAPTOP-0UCD4B58" failures="0" tests="9" name="testscripts.CreateBookingTest" time="19.040" errors="0" timestamp="2023-02-24T09:55:20 IST" skipped="5">
  <testcase classname="testscripts.CreateBookingTest" name="createBookingTestWithPOJO" time="4.084"/>
  <system-out/>
  <testcase classname="testscripts.CreateBookingTest" name="updateBookingIdTest" time="3.276"/>
  <system-out/>
  <testcase classname="testscripts.CreateBookingTest" name="updatePrtialBookingTest" time="3.560"/>
  <system-out/>
  <testcase classname="testscripts.CreateBookingTest" name="deleteBookingTest" time="8.120"/>
  <system-out/>
  <testcase classname="testscripts.CreateBookingTest" name="createBookingTest">
    <skipped/>
  </testcase> <!-- createBookingTest -->
  <system-out/>
  <testcase classname="testscripts.CreateBookingTest" name="getBookingIdDeserializedTest">
    <skipped/>
  </testcase> <!-- getBookingIdDeserializedTest -->
  <system-out/>
  <testcase classname="testscripts.CreateBookingTest" name="createBookinTestInPlanMode">
    <skipped/>
  </testcase> <!-- createBookinTestInPlanMode -->
  <system-out/>
  <testcase classname="testscripts.CreateBookingTest" name="getBookingIdTest">
    <skipped/>
  </testcase> <!-- getBookingIdTest -->
  <system-out/>
  <testcase classname="testscripts.CreateBookingTest" name="getAllBookingTest">
    <skipped/>
  </testcase> <!-- getAllBookingTest -->
  <system-out/>
</testsuite> <!-- testscripts.CreateBookingTest -->
