<?xml version="1.0" encoding="UTF-8"?>
<!-- Generated by org.testng.reporters.JUnitReportReporter -->
<testsuite hostname="LAPTOP-0UCD4B58" failures="0" tests="3" name="testscripts.FMCTest2" time="10.244" errors="0" timestamp="2023-02-26T12:38:01 IST" skipped="0">
  <testcase classname="testscripts.FMCTest2" name="createToken" time="4.406"/>
  <system-out/>
  <testcase classname="testscripts.FMCTest2" name="emailSignup" time="4.627"/>
  <system-out/>
  <testcase classname="testscripts.FMCTest2" name="verifyOtp" time="1.211"/>
  <system-out/>
</testsuite> <!-- testscripts.FMCTest2 -->
