<?xml version="1.0" encoding="UTF-8"?>
<!-- Generated by org.testng.reporters.JUnitReportReporter -->
<testsuite hostname="LAPTOP-0UCD4B58" failures="0" tests="1" name="testscripts.DemoTest" time="8.359" errors="0" timestamp="2023-02-24T09:50:51 IST" skipped="0">
  <testcase classname="testscripts.DemoTest" name="phoneNumberTypeTest" time="8.359"/>
  <system-out/>
</testsuite> <!-- testscripts.DemoTest -->
