<?xml version="1.0" encoding="UTF-8"?>
<!-- Generated by org.testng.reporters.JUnitReportReporter -->
<testsuite hostname="LAPTOP-0UCD4B58" failures="0" tests="1" name="testscripts.CreateBookingJsonObjectTest" time="4.457" errors="0" timestamp="2023-02-25T09:46:24 IST" skipped="0">
  <testcase classname="testscripts.CreateBookingJsonObjectTest" name="createBookingTestWithPOJO" time="4.457"/>
  <system-out/>
</testsuite> <!-- testscripts.CreateBookingJsonObjectTest -->
