<?xml version="1.0" encoding="UTF-8"?>
<!-- Generated by org.testng.reporters.JUnitReportReporter -->
<testsuite hostname="LAPTOP-0UCD4B58" failures="0" tests="1" name="testscripts.FMCTest" time="3.098" errors="0" timestamp="2023-02-26T09:47:51 IST" skipped="0">
  <testcase classname="testscripts.FMCTest" name="createToken" time="3.098"/>
  <system-out/>
</testsuite> <!-- testscripts.FMCTest -->
